2025-10-03 00:47:10,277 - DEBUG - Starting quality fetch for HQPorner video: 'you'll need a cold shower too'
2025-10-03 00:47:10,278 - DEBUG - Attempt 1: Checking for 'video.video_qualities' list.
2025-10-03 00:47:10,786 - DEBUG - Extracted qualities from 'video_qualities': ['360', '720', '1080']
2025-10-03 00:47:10,786 - INFO - Successfully fetched qualities for 'you'll need a cold shower too': ['360', '720', '1080']
2025-10-03 00:47:10,787 - DEBUG - Loaded video data for 'you'll need a cold shower too': {'title': "you'll need a cold shower too", 'author': 'octokuro', 'length': 1036, 'tags': ['1080p', 'anal', 'big tits', 'blonde', 'masturbation', 'shaved pussy'], 'publish_date': '5 days ago', 'thumbnail': 'https://fastporndelivery.hqporner.com/imgs/62/59/ee862c37ad8927e_main.jpg', 'qualities': ['360', '720', '1080']}
2025-10-03 00:47:12,857 - DEBUG - Starting quality fetch for PornHub video: 'Wife gets spitroasted and fucked by two guys in kitchen before receiving facial and creampie'
2025-10-03 00:47:12,857 - WARNING - Could not fetch any qualities for PornHub video: 'Wife gets spitroasted and fucked by two guys in kitchen before receiving facial and creampie'
2025-10-03 00:47:12,858 - WARNING - No qualities found for video 'Wife gets spitroasted and fucked by two guys in kitchen before receiving facial and creampie', providing default options
2025-10-03 00:47:12,858 - DEBUG - Loaded video data for 'Wife gets spitroasted and fucked by two guys in kitchen before receiving facial and creampie': {'title': 'Wife gets spitroasted and fucked by two guys in kitchen before receiving facial and creampie', 'author': 'Serenity Cox', 'length': 786, 'tags': ['amateur facial', 'creampie', 'pull out cumshot', 'hotwife', 'husband watches', 'husband shares wife', 'share wife', 'taking turns', 'kitchen', 'sex in kitchen', 'spitroast', 'kitchen fucking', 'bent over', 'doggystyle standind', 'milf', 'amateur hotwife'], 'publish_date': '2025-09-15 00:30:04', 'thumbnail': 'https://pix-cdn77.phncdn.com/c6251/videos/202509/12/22483665/original/0199455d-4abd-7a7d-883d-27dfd2388444.png/plain/rs:fit:640:360?hash=QUmH4xOwhYrZ1P3DzDuljcWRwtk=&validto=4891363200', 'qualities': ['720p', '480p', '360p']}
2025-10-03 00:47:15,567 - DEBUG - Starting quality fetch for Video video: 'Hangovered stepson fucks his hot stepmom'
2025-10-03 00:47:15,567 - WARNING - Could not fetch an explicit quality list for Video video 'Hangovered stepson fucks his hot stepmom'. Downloader will rely on abstract quality settings.
2025-10-03 00:47:15,568 - WARNING - No qualities found for video 'Hangovered stepson fucks his hot stepmom', providing default options
2025-10-03 00:47:15,568 - DEBUG - Loaded video data for 'Hangovered stepson fucks his hot stepmom': {'title': 'Hangovered stepson fucks his hot stepmom', 'author': 'Family Strokes', 'length': 900, 'tags': ['cumshot', 'facial', 'sex', 'fucking', 'milf', 'brunette', 'busty', 'big-tits', 'taboo', 'big-boobs', 'stepmom', 'hot-milf'], 'publish_date': '2019-09-19T00:14:23+00:00', 'thumbnail': 'https://cdn77-pic.xvideos-cdn.com/videos/thumbs169ll/2d/ce/ce/2dcece09b4d003ae6c8366d3cb8ee74b-1/2dcece09b4d003ae6c8366d3cb8ee74b.13.jpg', 'qualities': ['720p', '480p', '360p']}
2025-10-03 00:47:17,240 - DEBUG - Starting quality fetch for Video video: 'AUAA! Kumpel will meinen ARSCH!!'
2025-10-03 00:47:17,240 - DEBUG - Attempt 4: Found 'highest_quality' attribute for XNXX video.
2025-10-03 00:47:17,241 - DEBUG - Extracted quality: ['720p']
2025-10-03 00:47:17,241 - INFO - Successfully fetched qualities for 'AUAA! Kumpel will meinen ARSCH!!': ['720p']
2025-10-03 00:47:17,241 - DEBUG - Loaded video data for 'AUAA! Kumpel will meinen ARSCH!!': {'title': 'AUAA! Kumpel will meinen ARSCH!!', 'author': 'leoniepur', 'length': 8, 'tags': ['leonie pur anal', 'deutsch', 'arschfick', 'homepage', 'german anal', 'deutsch anal', 'ass', 'asia', 'leonie', 'anal pov', 'kumpel', 'auaa', 'beautiful', 'pur', 'german first anal', 'dort', 'leoniepur', 'german homemade', 'asia anal'], 'publish_date': '2015-02-13T11:59:29+00:00', 'thumbnail': 'https://cdn77-pic.xnxx-cdn.com/videos/thumbs169xnxxll/48/71/bf/4871bf959f400851a0e0282e877a8310-1/4871bf959f400851a0e0282e877a8310.23.jpg', 'qualities': ['720p']}
2025-10-03 00:47:18,994 - DEBUG - Starting quality fetch for Eporner video: 'Fucking Big Tits Blonde'
2025-10-03 00:47:18,994 - DEBUG - Attempt 1: Checking for 'video.qualities' or 'video.available_qualities'.
2025-10-03 00:47:18,994 - WARNING - No explicit quality list found for Eporner video 'Fucking Big Tits Blonde'. Falling back to documented abstract qualities.
2025-10-03 00:47:18,994 - DEBUG - Loaded video data for 'Fucking Big Tits Blonde': {'title': 'Fucking Big Tits Blonde', 'author': None, 'length': 0, 'tags': ['bigass', 'bigtits', 'milf', 'pawg', 'bbc', 'interracial', 'hardcore', 'anal', 'bigboobs', 'ass', 'onlyfans', 'hardcore', 'blonde', 'bigass', 'bigtits', 'pornstar', 'threesome', 'milfporn', 'mature', 'bigass', 'bigtits', 'hardcore', 'homemade', 'interracial', 'milf', 'pornstar', 'povporn', 'indian', 'biga', 'FuckingBigTitsBlonde', 'striptease', 'SophieReade'], 'publish_date': '2025-09-23 12:06:47', 'thumbnail': None, 'qualities': ['best', 'half', 'worst']}
2025-10-03 00:47:20,554 - DEBUG - Starting quality fetch for Video video: 'EVILANGEL Cute College Girls Pounded in Leggings'
2025-10-03 00:47:20,554 - DEBUG - Attempt 1: Checking for 'video_qualities' attribute.
2025-10-03 00:47:20,555 - DEBUG - Extracted qualities: ['240', '480', '720', '1080']
2025-10-03 00:47:20,555 - INFO - Successfully fetched qualities for 'EVILANGEL Cute College Girls Pounded in Leggings': ['240', '480', '720', '1080']
2025-10-03 00:47:20,555 - DEBUG - Loaded video data for 'EVILANGEL Cute College Girls Pounded in Leggings': {'title': 'EVILANGEL Cute College Girls Pounded in Leggings', 'author': 'Evil Angel', 'length': 956, 'tags': ['sb_verified', ' Doggy', ' Blowjob', ' Cowgirl'], 'publish_date': '2025-10-01T06:04:14', 'thumbnail': 'https://tbi.sb-cd.com/t/16374541/1/6/w:1280/t4-enh/evilangel-cute-college-girls-p.jpg', 'qualities': ['240', '480', '720', '1080']}
2025-10-03 00:47:23,594 - DEBUG - Starting quality fetch for Video video: 'Share my  room with Stepmom when dad not come home'
2025-10-03 00:47:23,594 - WARNING - Could not fetch an explicit quality list for Video video 'Share my  room with Stepmom when dad not come home'. Downloader will rely on abstract quality settings.
2025-10-03 00:47:23,595 - WARNING - No qualities found for video 'Share my  room with Stepmom when dad not come home', providing default options
2025-10-03 00:47:23,595 - DEBUG - Loaded video data for 'Share my  room with Stepmom when dad not come home': {'title': 'Share my  room with Stepmom when dad not come home', 'author': <youporn_api.youporn_api.Pornstar object at 0x7f0454adc230>, 'length': 904, 'tags': [], 'publish_date': 'Published on August 10, 2024', 'thumbnail': 'https://fi1-ph.ypncdn.com/videos/202405/16/452529491/thumbs_35/(m=eaSaaTbWx)(mh=UTbgDwcQE7DWY6S_)2.jpg', 'qualities': ['720p', '480p', '360p']}
